Synchronize It! v3.1 LOG file
       38208   02-01-2013 21:03:58  0  0  0   auxgv.aps
         405   02-01-2013 17:49:31  0  0  0   auxgv.h
        6176   10-01-2013 22:44:24  0  0  0   auxgv.vcxproj
         269   12-01-2010 12:59:20  0  0  0   setfsproc.h
         766   14-12-2009 15:15:20  0  0  0   icon1.ico
        1493   23-04-2012 15:00:50  0  0  0   audstr.cpp
        1413   25-12-2012 13:59:52  0  0  0   auxgv.vcproj.ACORE.bj.user
        4819   11-09-2012 23:28:24  0  0  0   auxgv.rc
        1240   25-12-2012 12:55:26  0  0  0   auxgv.sln
        6457   12-01-2010 13:14:58  0  0  0   msgcrack_seacrm.h
        1128   12-01-2010 13:07:08  0  0  0   setfsproc.cpp
         492   05-11-2007 20:08:54  0  0  0   FileDlg.h
        6981   03-01-2013 00:58:01  0  0  0   auxgvDlg.cpp
      524520   02-01-2013 17:46:50  0  0  0   auxgv1.27.zip
    15690752   25-12-2012 13:59:52  0  0  0   auxgv.ncb
         915   02-01-2013 22:07:51  0  0  0   auxgvDlg.h
        5395   11-09-2012 23:28:27  0  0  0   auxgv.vcproj
        3469   15-12-2009 11:42:38  0  0  0   WndDlg.cpp
       10240   25-12-2012 13:59:52  0  0  0   auxgv.suo
        1047   02-01-2013 21:03:58  0  0  0   resource.h
        1738   16-03-2008 23:30:30  0  0  0   FileDlg.cpp
        2385   10-01-2013 22:44:23  0  0  0   auxgv.vcxproj.filters
        1731   03-01-2013 00:57:48  0  0  0   auxgv.cpp
        1431   15-12-2009 11:35:14  0  0  0   WndDlg.h
